<?xml version="1.0" encoding="UTF-8"?>
<!-- Generated by org.testng.reporters.JUnitXMLReporter -->
<testsuite hostname="P03326" ignored="8" name="Default test" tests="3" failures="0" timestamp="2019-12-11T17:02:23 GMT" time="129.733" errors="0">
  <testcase name="placeSinglelineOrder" time="39.198" classname="uiTests.E2eOrder"/>
  <testcase name="processSinglelineLogistics" time="17.077" classname="uiTests.ProcessLogistics"/>
  <testcase name="provisioningCheckSingleline" time="55.627" classname="uiTests.ProcessLogistics"/>
  <testcase name="placeMultilineOrder" time="0.0" classname="uiTests.E2eOrder">
    <ignored/>
  </testcase> <!-- placeMultilineOrder -->
  <testcase name="provisioningCheckCrossSell" time="0.0" classname="uiTests.ProcessLogistics">
    <ignored/>
  </testcase> <!-- provisioningCheckCrossSell -->
  <testcase name="processCrossSellLogistics" time="0.0" classname="uiTests.ProcessLogistics">
    <ignored/>
  </testcase> <!-- processCrossSellLogistics -->
  <testcase name="placeCrossSellOrder" time="0.0" classname="uiTests.E2eOrder">
    <ignored/>
  </testcase> <!-- placeCrossSellOrder -->
  <testcase name="@AfterSuite afterSuite" time="0.0" classname="uiTests.BaseTest">
    <ignored/>
  </testcase> <!-- @AfterSuite afterSuite -->
  <testcase name="@BeforeSuite setUpSuite" time="0.0" classname="uiTests.BaseTest">
    <ignored/>
  </testcase> <!-- @BeforeSuite setUpSuite -->
  <testcase name="provisioningCheckMultiline" time="0.0" classname="uiTests.ProcessLogistics">
    <ignored/>
  </testcase> <!-- provisioningCheckMultiline -->
  <testcase name="processMultilineLogistics" time="0.0" classname="uiTests.ProcessLogistics">
    <ignored/>
  </testcase> <!-- processMultilineLogistics -->
</testsuite> <!-- Default test -->
