<?xml version="1.0" encoding="UTF-8"?>
<!-- Generated by org.testng.reporters.JUnitXMLReporter -->
<testsuite hostname="P03326" ignored="6" name="E2E Order Tests" tests="12" failures="0" timestamp="2019-12-16T14:47:50 GMT" time="276.974" errors="0">
  <testcase name="WordpressLoadsSuccessfully" time="2.411" classname="uiTests.WordpressUITests"/>
  <testcase name="placeMultilineOrder" time="38.651" classname="uiTests.E2eOrder"/>
  <testcase name="placeSinglelineOrder" time="28.718" classname="uiTests.E2eOrder"/>
  <testcase name="completeMultilineAccountSetUp" time="14.157" classname="uiTests.CustomerActionsTests"/>
  <testcase name="completeSinglelineAccountSetUp" time="9.098" classname="uiTests.CustomerActionsTests"/>
  <testcase name="placeCrossSellOrder" time="22.865" classname="uiTests.E2eOrder"/>
  <testcase name="processCrossSellLogistics" time="19.412" classname="uiTests.ProcessLogistics"/>
  <testcase name="processMultilineLogistics" time="4.017" classname="uiTests.ProcessLogistics"/>
  <testcase name="processSinglelineLogistics" time="14.071" classname="uiTests.ProcessLogistics"/>
  <testcase name="provisioningCheckCrossSell" time="31.86" classname="uiTests.ProcessLogistics"/>
  <testcase name="provisioningCheckMultiline" time="40.267" classname="uiTests.ProcessLogistics"/>
  <testcase name="provisioningCheckSingleline" time="0.183" classname="uiTests.ProcessLogistics"/>
  <testcase name="@AfterSuite afterSuite" time="0.0" classname="uiTests.BaseTest">
    <ignored/>
  </testcase> <!-- @AfterSuite afterSuite -->
  <testcase name="@AfterSuite afterSuite" time="0.0" classname="uiTests.BaseTest">
    <ignored/>
  </testcase> <!-- @AfterSuite afterSuite -->
  <testcase name="@AfterSuite afterSuite" time="0.0" classname="uiTests.BaseTest">
    <ignored/>
  </testcase> <!-- @AfterSuite afterSuite -->
  <testcase name="@BeforeSuite setUpSuite" time="0.0" classname="uiTests.BaseTest">
    <ignored/>
  </testcase> <!-- @BeforeSuite setUpSuite -->
  <testcase name="@BeforeSuite setUpSuite" time="0.0" classname="uiTests.BaseTest">
    <ignored/>
  </testcase> <!-- @BeforeSuite setUpSuite -->
  <testcase name="@BeforeSuite setUpSuite" time="0.0" classname="uiTests.BaseTest">
    <ignored/>
  </testcase> <!-- @BeforeSuite setUpSuite -->
</testsuite> <!-- E2E Order Tests -->
