<?xml version="1.0" encoding="UTF-8"?>
<!-- Generated by org.testng.reporters.JUnitXMLReporter -->
<testsuite hostname="P03326" ignored="0" name="eShop Offer Selection Page" tests="5" failures="0" timestamp="2019-11-04T10:43:54 GMT" time="11.693" errors="0">
  <testcase name="acceptCookies" time="2.105" classname="UITests.EShopOfferSelectionPageTests"/>
  <testcase name="addAnOffer" time="0.751" classname="UITests.EShopOfferSelectionPageTests"/>
  <testcase name="addAnotherOffer" time="1.451" classname="UITests.EShopOfferSelectionPageTests"/>
  <testcase name="deleteOfferLine2" time="0.733" classname="UITests.EShopOfferSelectionPageTests"/>
  <testcase name="deleteOfferLine1" time="0.729" classname="UITests.EShopOfferSelectionPageTests"/>
</testsuite> <!-- eShop Offer Selection Page -->
