<?xml version="1.0" encoding="UTF-8"?>
<!-- Generated by org.testng.reporters.JUnitXMLReporter -->
<testsuite hostname="P03326" ignored="0" name="eShop Customer Details Page" tests="5" failures="0" timestamp="2019-10-30T16:16:41 GMT" time="32.69" errors="0">
  <testcase name="enterEmailNegativeTest" time="4.474" classname="testNG.EShopCustomerDetailsPageTests"/>
  <testcase name="enterEmailNegativeTest" time="4.102" classname="testNG.EShopCustomerDetailsPageTests"/>
  <testcase name="enterEmailNegativeTest" time="4.827" classname="testNG.EShopCustomerDetailsPageTests"/>
  <testcase name="enterEmailNegativeTest" time="4.053" classname="testNG.EShopCustomerDetailsPageTests"/>
  <testcase name="enterEmailNegativeTest" time="4.135" classname="testNG.EShopCustomerDetailsPageTests"/>
</testsuite> <!-- eShop Customer Details Page -->
