<?xml version="1.0" encoding="UTF-8"?>
<!-- Generated by org.testng.reporters.JUnitXMLReporter -->
<testsuite hostname="P03326" ignored="0" name="eShop Customer Details Page" tests="5" failures="0" timestamp="2019-11-04T10:44:16 GMT" time="21.576" errors="0">
  <testcase name="enterValidCustomerDetails" time="5.346" classname="UITests.EShopCustomerDetailsPageTests"/>
  <testcase name="enterEmailNegativeTest" time="1.754" classname="UITests.EShopCustomerDetailsPageTests"/>
  <testcase name="enterEmailNegativeTest" time="2.061" classname="UITests.EShopCustomerDetailsPageTests"/>
  <testcase name="enterEmailNegativeTest" time="2.819" classname="UITests.EShopCustomerDetailsPageTests"/>
  <testcase name="enterEmailNegativeTest" time="2.094" classname="UITests.EShopCustomerDetailsPageTests"/>
</testsuite> <!-- eShop Customer Details Page -->
