<?xml version="1.0" encoding="UTF-8"?>
<!-- Generated by org.testng.reporters.JUnitXMLReporter -->
<testsuite hostname="P03326" ignored="0" name="eShop Offer Selection Page" tests="5" failures="0" timestamp="2019-10-30T16:16:08 GMT" time="9.552" errors="0">
  <testcase name="acceptCookies" time="1.622" classname="testNG.EShopOfferSelectionPageTests"/>
  <testcase name="addAnOffer" time="0.701" classname="testNG.EShopOfferSelectionPageTests"/>
  <testcase name="addAnotherOffer" time="1.381" classname="testNG.EShopOfferSelectionPageTests"/>
  <testcase name="deleteOfferLine2" time="0.67" classname="testNG.EShopOfferSelectionPageTests"/>
  <testcase name="deleteOfferLine1" time="0.677" classname="testNG.EShopOfferSelectionPageTests"/>
</testsuite> <!-- eShop Offer Selection Page -->
