<?xml version="1.0" encoding="UTF-8"?>
<!-- Generated by org.testng.reporters.JUnitXMLReporter -->
<testsuite hostname="P03326" ignored="2" name="Wordpress UI" tests="2" failures="0" timestamp="2019-11-14T10:33:38 GMT" time="36.993" errors="0">
  <testcase name="placeE2eOrder" time="23.923" classname="UITests.E2eOrder"/>
  <testcase name="completeAccountSetUp" time="8.022" classname="UITests.CustomerActionsTests"/>
  <testcase name="@BeforeSuite setUpSuite" time="0.0" classname="UITests.BaseTest">
    <ignored/>
  </testcase> <!-- @BeforeSuite setUpSuite -->
  <testcase name="@AfterSuite afterSuite" time="0.0" classname="UITests.BaseTest">
    <ignored/>
  </testcase> <!-- @AfterSuite afterSuite -->
</testsuite> <!-- Wordpress UI -->
